  80.8714142  13.2057457  2.48616219
  47.7089386 -1.14320815 -25.9900684
  68.9581375 -3.75174809 -2.29423523
  33.4696541  20.7599163 -42.9301643
  51.9272614 -23.3628254 -12.4595947
  50.2203674  1.49637401 -15.9789286
  49.3940468  10.6082296 -29.3778858
  61.4815903 -7.07996798 -11.3886662
  47.6408386 -1.96006799 -12.7673178
  49.494957 -19.3855095 -14.0337858
  12.0543766  9.29398537 -49.0707664
  46.3961258 -24.6369343 -15.6624241
  79.741951 -7.24127769  2.95566082
  37.3473816 -1.88246572 -28.6355362
  47.2781448 -4.30645132 -24.2471523
  52.218277 -19.7913628 -3.45858693
  57.7899017  22.6632442 -18.6619129
  63.6170006 -4.79867506 -8.11106491
  29.918541 -4.34942055 -36.2216873
  45.3944969 -19.3239822 -18.1346951
  50.3105659  7.65928268 -26.0047874
  72.5744324  18.4039364 -14.2807302
  48.9619713 -2.12818956 -21.7341061
  34.680191  9.93397045 -39.3305626
  64.3991013  9.64999866 -19.5443993
  48.0806313  2.6964097 -20.8916073
  22.1329689 -21.2502422 -30.5447903
  47.4895973 -12.1973734 -13.998415
  47.0191956 -2.18494773 -30.2766762
  29.1724701  1.47543907 -33.3826561
  48.9916458  6.20908356 -11.7005148
  74.1693878  23.1758537 -14.5371761
  39.5319366 -16.9160213 -20.900589
  53.9997025 -3.43703794 -16.9572659
  58.1422729  9.9179945 -20.8105755
  55.8453331 -11.2590961 -5.63319921
  44.3767738 -10.637434 -23.2025585
  46.7268677 -8.52334404 -17.9038486
  16.3981457 -21.809248 -39.4722023
  40.9346581 -17.5736828 -20.3417645
  71.4133759  18.3629189 -11.3205585
  53.0751801  28.5520763 -36.1165657
  48.0066223 -2.7028439 -25.2179928
  50.787487 -2.72068715 -20.9208546
  68.9211655  25.7642021 -15.7221642
  50.1051712  10.3680668 -11.1678133
  74.0826263  13.2574615  0.852308273
  56.60746 -23.3382454 -8.63372898
  51.9869499  8.26346684 -20.6736603
  56.0944595 -15.3913069  0.556504726
  57.2886276 -14.6564407 -4.95347118
  45.5889473 -7.19467402 -18.9061375
  44.8667221 -22.3615665 -15.4162169
  36.8955421 -7.47014189 -22.4044304
  18.7035027  20.5528164 -53.5106888
  44.242939 -10.6287928 -19.3798676
  69.9317703  21.0991459 -10.9291763
  63.3380089  8.95588779 -9.23453236
  48.7451897 -3.43692064 -32.3121185
  35.3940315 -4.16074991 -28.8243446
  49.5204544 -3.53931618 -16.8669491
  56.8268547  12.4440155 -17.7141285
  37.0544662 -11.3254795 -29.0482559
  62.1272812 -7.61452579  0.117239952
  60.1283722 -8.51929283 -15.4009638
  35.0202408 -3.34563184 -38.6994705
  44.6810646  28.2271557 -42.5548401
  59.1308556  21.4339581 -15.5522661
  79.5401611  27.8005943 -3.01506042
  42.8405571 -19.4451065 -19.9863586
  63.0239677  23.6076565 -20.1104965
  45.2545738 -2.01458788 -19.8333035
  36.4596214 -28.4383087 -20.08605
  49.0697403  3.32571316 -19.4976196
  64.5338364 -21.6603127 -0.792958736
  60.3847847  8.79394436 -12.2831163
  63.2279167  23.6589966 -16.3747215
  41.2696266 -8.54107285 -24.7456207
  50.8927803  10.7713432 -35.9261436
  60.9124603 -30.2655811 -2.525841
  58.6177635 -3.22092605 -16.5329094
  56.3142548  4.62992764 -16.5716553
  16.1510983 -0.898510516 -48.4532585
  33.9687386 -17.2186623 -10.9713497
  54.8143692  9.17372417 -18.0015373
  46.1036453 -1.27170694 -16.5796547
  41.4423332 -13.879529 -28.6429939
  58.8015289  0.899984539 -23.9931641
  43.9878883  4.67120409 -31.1754265
  56.2864952 -15.9001751 -11.7855558
  40.7396545  1.79401219 -25.4263477
  34.9564781 -18.5656357 -24.60672
  55.4086723  8.46927357 -13.3048229
  48.7102089 -1.43297362 -20.4811535
  47.7047729 -5.62975025 -14.4071188
  68.2108231 -2.48870993 -5.97334862
  44.4142647 -4.25534678 -13.5052929
  47.9799271 -8.27367401 -29.3254585
  43.5171013  4.84729004 -20.5399227
  50.5005531 -6.8730011 -8.91792107
  47.679718  6.39828491 -30.8589172
  79.4148941  15.2019138 -0.620785952
  50.3226547  6.56712246 -21.3129787
  50.1646194  19.5679417 -24.659874
  51.1435814  15.7836123 -28.2735291
  83.2354431  3.90580297 -0.846229792
  44.9616165  6.83532381 -28.2085743
  53.5463753  12.9967451 -20.8082104
  41.2196388 -28.9762096 -5.82747364
  46.2089157  17.7255363 -36.0669823
  58.1050453  1.06781423 -13.9559937
  67.976944 -11.3330698 -0.808843374
  42.2513504 -11.4781981 -18.0208721
  56.7105255 -1.12250865 -16.9083614
  45.7445755  15.36623 -29.184906
  53.2748947 -1.7208122 -19.0453987
  63.5526314  6.46604872 -13.1643476
  52.9723282 -16.4035435 -10.3337364
  48.6381607 -12.941844 -11.3047915
  56.593483 -9.95956993 -15.5789337
  62.5659637  6.79045296 -18.3639336
  63.1073532 -0.476816833 -5.22042751
  46.476593 -30.2135715 -7.01695442
  36.9518433  1.87038302 -25.8556938
  49.7530403 -14.832057 -4.89968204
  39.3200417 -1.74708271 -27.4723911
  35.8195457 -20.133049 -16.7944927
  40.2759056 -20.7411613 -16.9993458
  43.9682045 -17.7306175 -14.0195484
  39.3372917 -38.2499161 -10.3830633
  49.4683189  5.45585155 -24.6175327
  48.2952995  5.04799557 -32.1397858
  38.417038  2.13101101 -31.1027412
  57.7943916  13.2768965 -18.5466557
  46.8874168 -6.47478437 -23.2675285
  23.8060322 -12.4685154 -39.0901794
  43.9826469 -8.06710434 -21.5370846
  49.0202484 -5.65835476 -16.0216026
  63.0584984 -2.24065614 -8.36744213
  23.6816902 -0.670892119 -38.8187294
  51.8652687 -7.34604931 -15.301219
  44.5034027  7.35692024 -23.092638
  77.9295425 -5.14917183  3.90393972
  43.0014839 -10.3988848 -16.2133751
  34.5999718  0.539872408 -38.4902306
  46.9719238 -16.5693951 -11.301755
  43.7444229 -39.3204308 -3.50344539
  45.2933617 -11.447484 -15.5594273
  46.9031181  1.20440066 -24.2425041
  53.3610878  3.21755433 -25.1422825
  45.0422516 -15.5363712 -15.4763269
  44.406498 -14.1242561 -26.9902554
  20.3170357  5.43433666 -46.8180351
  58.2007942 -18.9446297 -0.34075737
  36.8947754  3.40073681 -30.803894
  53.3969231  0.0889631361 -20.3867378
  40.2332649 -1.73606098 -25.9328957
  24.4517651  2.92418051 -34.7629128
  51.9654846  11.9038839 -29.1158066
  50.4403267 -4.8513937 -14.1718273
  57.7588882 -1.64999855 -11.7904263
  51.9190941  13.2695866 -28.5024509
  40.5666046 -0.830272138 -22.1652508
  47.045723 -12.5394173 -14.4917765
  61.8268623 -5.95581722  1.69008255
  54.0583649  4.57598448 -13.1973629
  32.0505028 -3.87133002 -33.818573
  59.700264  6.63870049 -14.6691895
  55.1569824  8.15269756 -15.7683802
  48.0458832  15.6533146 -40.9488182
  42.0339317 -24.9592609 -13.2013979
  50.7491341  21.0598583 -36.2263069
  64.8481598 -10.7338696  2.049191
  70.4834518  41.5745201 -19.8492298
  56.52808  12.6276264 -20.984951
  57.799263  5.47860718 -15.7478027
  72.5418701  4.12221193 -5.4704771
  59.0417023  22.4484997 -28.472332
  48.4560165 -17.7185097 -16.4778538
  33.2175903 -1.80090249 -26.3255501
  32.3086052 -5.36553335 -36.2291946
  65.3646545 -1.66964912 -12.1935825
  51.0196419  11.7644377 -30.5116444
  61.7664299 -1.53175592 -13.2715216
  63.5375023  3.2884624 -16.3413162
  21.4474659 -23.6466122 -27.5944653
  67.1571655  4.66526699 -13.0460033
  35.4158592 -13.6501007 -19.0348263
  46.7920799 -12.5773134 -14.003953
  57.8483734 -5.61108017 -4.21642685
  65.6968689 -7.12978077 -3.04045916
  50.0624809 -21.4395695 -18.2768307
  41.8513641  16.8664398 -32.4134979
  48.4399033 -0.306586564 -20.8874512
  40.46978  0.263584703 -29.3727608
  32.3389664 -7.96058702 -24.1997776
  60.1239929 -2.01029968 -16.7722759
  48.1415138  2.43780375 -21.0613842
  51.2636528  4.22707653 -27.529068
  42.2060013  5.88566828 -21.7596226
